c:\users\migue\desktop\game1017_platformersetup\game1017_shooterexample\debug\vc142.pdb
c:\users\migue\desktop\game1017_platformersetup\game1017_shooterexample\debug\vc142.idb
c:\users\migue\desktop\game1017_platformersetup\game1017_shooterexample\debug\tiledlevel.obj
c:\users\migue\desktop\game1017_platformersetup\game1017_shooterexample\debug\texturemanager.obj
c:\users\migue\desktop\game1017_platformersetup\game1017_shooterexample\debug\states.obj
c:\users\migue\desktop\game1017_platformersetup\game1017_shooterexample\debug\statemanager.obj
c:\users\migue\desktop\game1017_platformersetup\game1017_shooterexample\debug\sprites.obj
c:\users\migue\desktop\game1017_platformersetup\game1017_shooterexample\debug\main.obj
c:\users\migue\desktop\game1017_platformersetup\game1017_shooterexample\debug\engine.obj
c:\users\migue\desktop\game1017_platformersetup\game1017_shooterexample\debug\platformplayer.obj
c:\users\migue\desktop\game1017_platformersetup\game1017_shooterexample\debug\eventmanager.obj
c:\users\migue\desktop\game1017_platformersetup\debug\platformer.exe
c:\users\migue\desktop\game1017_platformersetup\debug\platformer.ilk
c:\users\migue\desktop\game1017_platformersetup\debug\platformer.pdb
c:\users\migue\desktop\game1017_platformersetup\game1017_shooterexample\debug\sprites.obj.enc
c:\users\migue\desktop\game1017_platformersetup\game1017_shooterexample\debug\vc141.idb
c:\users\migue\desktop\game1017_platformersetup\game1017_shooterexample\debug\vc141.pdb
c:\users\migue\desktop\game1017_platformersetup\game1017_shooterexample\debug\platformer.tlog\cl.command.1.tlog
c:\users\migue\desktop\game1017_platformersetup\game1017_shooterexample\debug\platformer.tlog\cl.read.1.tlog
c:\users\migue\desktop\game1017_platformersetup\game1017_shooterexample\debug\platformer.tlog\cl.write.1.tlog
c:\users\migue\desktop\game1017_platformersetup\game1017_shooterexample\debug\platformer.tlog\link.command.1.tlog
c:\users\migue\desktop\game1017_platformersetup\game1017_shooterexample\debug\platformer.tlog\link.read.1.tlog
c:\users\migue\desktop\game1017_platformersetup\game1017_shooterexample\debug\platformer.tlog\link.write.1.tlog
